2025-06-02 21:50:37,101 DeMo INFO: Saving model in the path :./RGBNT201-DeMo/aboqnewdeform_onlynewboq_20250602_215033
2025-06-02 21:50:37,101 DeMo INFO: Namespace(config_file='configs/RGBNT201/DeMo.yml', fea_cft=0, local_rank=0, opts=['OUTPUT_DIR', './RGBNT201-DeMo/aboqnewdeform_onlynewboq_20250602_215033'])
2025-06-02 21:50:37,101 DeMo INFO: Loaded configuration file configs/RGBNT201/DeMo.yml
2025-06-02 21:50:37,102 DeMo INFO: 
MODEL:
  TRANSFORMER_TYPE: 'ViT-B-16'
  STRIDE_SIZE: [ 16, 16 ]
  SIE_CAMERA: True
  DIRECT: 1
  SIE_COE: 1.0
  ID_LOSS_WEIGHT: 0.25
  TRIPLET_LOSS_WEIGHT: 1.0
  GLOBAL_LOCAL: True
  HDM: True
  ATM: False
  HEAD: 4 # orginal 4
  FROZEN: False
  CENGJIFUSION: False
  NEWDEFORM: True

INPUT:
  SIZE_TRAIN: [ 256, 128 ]
  SIZE_TEST: [ 256, 128 ]
  PROB: 0.5 # random horizontal flip
  RE_PROB: 0.5 # random erasing
  PADDING: 10

DATALOADER:
  SAMPLER: 'softmax_triplet'
  NUM_INSTANCE: 8
  NUM_WORKERS: 14

DATASETS:
  NAMES: ('RGBNT201')
  ROOT_DIR: '..'

SOLVER:
  BASE_LR: 0.00035
  WARMUP_ITERS: 10
  MAX_EPOCHS: 50
  OPTIMIZER_NAME: 'Adam'
  IMS_PER_BATCH: 64 # orginal 64
  EVAL_PERIOD: 1
  SEED: 1111

TEST:
  IMS_PER_BATCH: 128
  RE_RANKING: 'yes'
  WEIGHT: ''
  NECK_FEAT: 'before'
  FEAT_NORM: 'yes'
  MISS: "nothing"

OUTPUT_DIR: '..'



2025-06-02 21:50:37,102 DeMo INFO: Running with config:
DATALOADER:
  NUM_INSTANCE: 8
  NUM_WORKERS: 14
  SAMPLER: softmax_triplet
DATASETS:
  NAMES: RGBNT201
  ROOT_DIR: ..
INPUT:
  PADDING: 10
  PIXEL_MEAN: [0.5, 0.5, 0.5]
  PIXEL_STD: [0.5, 0.5, 0.5]
  PROB: 0.5
  RE_PROB: 0.5
  SIZE_TEST: [256, 128]
  SIZE_TRAIN: [256, 128]
MODEL:
  ADAPTER: False
  ATM: False
  ATT_DROP_RATE: 0.0
  CENGJIFUSION: False
  DEVICE: cuda
  DEVICE_ID: 0
  DIRECT: 1
  DIST_TRAIN: False
  DROP_OUT: 0.0
  DROP_PATH: 0.1
  FROZEN: False
  GLOBAL_LOCAL: True
  HDM: True
  HEAD: 4
  ID_LOSS_TYPE: softmax
  ID_LOSS_WEIGHT: 0.25
  IF_LABELSMOOTH: on
  IF_WITH_CENTER: no
  METRIC_LOSS_TYPE: triplet
  NAME: DeMo
  NECK: bnneck
  NEWDEFORM: True
  NO_MARGIN: True
  PRETRAIN_PATH_T: /path/to/your/vitb_16_224_21k.pth
  PROMPT: False
  SIE_CAMERA: True
  SIE_COE: 1.0
  SIE_VIEW: False
  STRIDE_SIZE: [16, 16]
  TRANSFORMER_TYPE: ViT-B-16
  TRIPLET_LOSS_WEIGHT: 1.0
OUTPUT_DIR: ./RGBNT201-DeMo/aboqnewdeform_onlynewboq_20250602_215033
SOLVER:
  BASE_LR: 0.00035
  BIAS_LR_FACTOR: 2
  CENTER_LOSS_WEIGHT: 0.0005
  CENTER_LR: 0.5
  CHECKPOINT_PERIOD: 60
  CLUSTER_MARGIN: 0.3
  COSINE_MARGIN: 0.5
  COSINE_SCALE: 30
  EVAL_PERIOD: 1
  GAMMA: 0.1
  IMS_PER_BATCH: 64
  LARGE_FC_LR: False
  LOG_PERIOD: 10
  MARGIN: 0.3
  MAX_EPOCHS: 50
  MOMENTUM: 0.9
  OPTIMIZER_NAME: Adam
  RANGE_ALPHA: 0
  RANGE_BETA: 1
  RANGE_K: 2
  RANGE_LOSS_WEIGHT: 1
  RANGE_MARGIN: 0.3
  SEED: 1111
  STEPS: (40, 70)
  WARMUP_FACTOR: 0.01
  WARMUP_ITERS: 10
  WARMUP_METHOD: linear
  WEIGHT_DECAY: 0.0001
  WEIGHT_DECAY_BIAS: 0.0001
TEST:
  FEAT: 0
  FEAT_NORM: yes
  IMS_PER_BATCH: 128
  MISS: nothing
  NECK_FEAT: before
  RE_RANKING: yes
  WEIGHT: 
=> RGBNT201 loaded
Dataset statistics:
  ----------------------------------------
  subset   | # ids | # images | # cameras
  ----------------------------------------
  train    |   171 |     3951 |         4
  query    |    30 |      836 |         2
  gallery  |    30 |      836 |         2
  ----------------------------------------
data is ready
cengjifusion: False mxa
rwkvbackbone: False mxa
using Transformer_type: ViT-B-16 as a backbone
Resized position embedding: %s to %s torch.Size([197, 768]) torch.Size([129, 768])
Position embedding resize to height:16 width: 8
Successfully load ckpt!
<All keys matched successfully>
Loading pretrained model from CLIP
camera number is : 4
combineway: adaptiveboqdeformablation mxa
2025-06-02 21:50:43,462 DeMo INFO: combineway: adaptiveboqdeformablation
newdeform: True mxa
UsingDiversity: False mxa
[HAQN Ablation] Using configuration: HQ_QP_MS_AF
[HAQN Ablation] ✓ Hierarchical queries: [64, 57, 51, 44]
[HAQN Ablation] ✓ Layer 0: Hierarchical queries enabled with scale 1.000
[HAQN Ablation] ✓ Layer 0: Query propagation enabled (no adapter needed)
[HAQN Ablation] ✓ Layer 1: Hierarchical queries enabled with scale 1.500
[HAQN Ablation] ✓ Layer 1: Query propagation enabled with adapter (64->57)
[HAQN Ablation] ✓ Layer 2: Hierarchical queries enabled with scale 2.000
[HAQN Ablation] ✓ Layer 2: Query propagation enabled with adapter (57->51)
[HAQN Ablation] ✓ Layer 3: Hierarchical queries enabled with scale 2.500
[HAQN Ablation] ✓ Layer 3: Query propagation enabled with adapter (51->44)
[HAQN Ablation] ✓ Adaptive fusion enabled
[HAQN Ablation] Using configuration: HQ_QP_MS_AF
[HAQN Ablation] ✓ Hierarchical queries: [76, 68, 60, 53]
[HAQN Ablation] ✓ Layer 0: Hierarchical queries enabled with scale 1.000
[HAQN Ablation] ✓ Layer 0: Query propagation enabled (no adapter needed)
[HAQN Ablation] ✓ Layer 1: Hierarchical queries enabled with scale 1.500
[HAQN Ablation] ✓ Layer 1: Query propagation enabled with adapter (76->68)
[HAQN Ablation] ✓ Layer 2: Hierarchical queries enabled with scale 2.000
[HAQN Ablation] ✓ Layer 2: Query propagation enabled with adapter (68->60)
[HAQN Ablation] ✓ Layer 3: Hierarchical queries enabled with scale 2.500
[HAQN Ablation] ✓ Layer 3: Query propagation enabled with adapter (60->53)
[HAQN Ablation] ✓ Adaptive fusion enabled
[HAQN Ablation] Using configuration: HQ_QP_MS_AF
[HAQN Ablation] ✓ Hierarchical queries: [96, 86, 76, 67]
[HAQN Ablation] ✓ Layer 0: Hierarchical queries enabled with scale 1.000
[HAQN Ablation] ✓ Layer 0: Query propagation enabled (no adapter needed)
[HAQN Ablation] ✓ Layer 1: Hierarchical queries enabled with scale 1.500
[HAQN Ablation] ✓ Layer 1: Query propagation enabled with adapter (96->86)
[HAQN Ablation] ✓ Layer 2: Hierarchical queries enabled with scale 2.000
[HAQN Ablation] ✓ Layer 2: Query propagation enabled with adapter (86->76)
[HAQN Ablation] ✓ Layer 3: Hierarchical queries enabled with scale 2.500
[HAQN Ablation] ✓ Layer 3: Query propagation enabled with adapter (76->67)
[HAQN Ablation] ✓ Adaptive fusion enabled
[HAQN Ablation] ✓ Modality-specific architectures enabled
[EDA Ablation] Using configuration: AMW_MSOF_LTS_ROC
[EDA Ablation] ✓ AMW (Adaptive Modal Weighting) enabled
[EDA Ablation] ✓ MSOF (Multi-Scale Offset Fusion) enabled
[EDA Ablation] ✓ LTS (Learnable Temperature Scaling) enabled
[EDA Ablation] ✓ ROC (Residual Offset Connection) enabled
===========Building DeMo===========
2025-06-02 21:50:43,947 DeMo INFO: DeMo(
  (BACKBONE): build_transformer(
    (base): VisionTransformer(
      (conv1): Conv2d(3, 768, kernel_size=(16, 16), stride=(16, 16), bias=False)
      (ln_pre): LayerNorm((768,), eps=1e-05, elementwise_affine=True)
      (transformer): Transformer(
        (resblocks): Sequential(
          (0): ResidualAttentionBlock(
            (attn): MultiheadAttention(
              (out_proj): NonDynamicallyQuantizableLinear(in_features=768, out_features=768, bias=True)
            )
            (ln_1): LayerNorm((768,), eps=1e-05, elementwise_affine=True)
            (mlp): Sequential(
              (c_fc): Linear(in_features=768, out_features=3072, bias=True)
              (gelu): QuickGELU()
              (c_proj): Linear(in_features=3072, out_features=768, bias=True)
            )
            (ln_2): LayerNorm((768,), eps=1e-05, elementwise_affine=True)
          )
          (1): ResidualAttentionBlock(
            (attn): MultiheadAttention(
              (out_proj): NonDynamicallyQuantizableLinear(in_features=768, out_features=768, bias=True)
            )
            (ln_1): LayerNorm((768,), eps=1e-05, elementwise_affine=True)
            (mlp): Sequential(
              (c_fc): Linear(in_features=768, out_features=3072, bias=True)
              (gelu): QuickGELU()
              (c_proj): Linear(in_features=3072, out_features=768, bias=True)
            )
            (ln_2): LayerNorm((768,), eps=1e-05, elementwise_affine=True)
          )
          (2): ResidualAttentionBlock(
            (attn): MultiheadAttention(
              (out_proj): NonDynamicallyQuantizableLinear(in_features=768, out_features=768, bias=True)
            )
            (ln_1): LayerNorm((768,), eps=1e-05, elementwise_affine=True)
            (mlp): Sequential(
              (c_fc): Linear(in_features=768, out_features=3072, bias=True)
              (gelu): QuickGELU()
              (c_proj): Linear(in_features=3072, out_features=768, bias=True)
            )
            (ln_2): LayerNorm((768,), eps=1e-05, elementwise_affine=True)
          )
          (3): ResidualAttentionBlock(
            (attn): MultiheadAttention(
              (out_proj): NonDynamicallyQuantizableLinear(in_features=768, out_features=768, bias=True)
            )
            (ln_1): LayerNorm((768,), eps=1e-05, elementwise_affine=True)
            (mlp): Sequential(
              (c_fc): Linear(in_features=768, out_features=3072, bias=True)
              (gelu): QuickGELU()
              (c_proj): Linear(in_features=3072, out_features=768, bias=True)
            )
            (ln_2): LayerNorm((768,), eps=1e-05, elementwise_affine=True)
          )
          (4): ResidualAttentionBlock(
            (attn): MultiheadAttention(
              (out_proj): NonDynamicallyQuantizableLinear(in_features=768, out_features=768, bias=True)
            )
            (ln_1): LayerNorm((768,), eps=1e-05, elementwise_affine=True)
            (mlp): Sequential(
              (c_fc): Linear(in_features=768, out_features=3072, bias=True)
              (gelu): QuickGELU()
              (c_proj): Linear(in_features=3072, out_features=768, bias=True)
            )
            (ln_2): LayerNorm((768,), eps=1e-05, elementwise_affine=True)
          )
          (5): ResidualAttentionBlock(
            (attn): MultiheadAttention(
              (out_proj): NonDynamicallyQuantizableLinear(in_features=768, out_features=768, bias=True)
            )
            (ln_1): LayerNorm((768,), eps=1e-05, elementwise_affine=True)
            (mlp): Sequential(
              (c_fc): Linear(in_features=768, out_features=3072, bias=True)
              (gelu): QuickGELU()
              (c_proj): Linear(in_features=3072, out_features=768, bias=True)
            )
            (ln_2): LayerNorm((768,), eps=1e-05, elementwise_affine=True)
          )
          (6): ResidualAttentionBlock(
            (attn): MultiheadAttention(
              (out_proj): NonDynamicallyQuantizableLinear(in_features=768, out_features=768, bias=True)
            )
            (ln_1): LayerNorm((768,), eps=1e-05, elementwise_affine=True)
            (mlp): Sequential(
              (c_fc): Linear(in_features=768, out_features=3072, bias=True)
              (gelu): QuickGELU()
              (c_proj): Linear(in_features=3072, out_features=768, bias=True)
            )
            (ln_2): LayerNorm((768,), eps=1e-05, elementwise_affine=True)
          )
          (7): ResidualAttentionBlock(
            (attn): MultiheadAttention(
              (out_proj): NonDynamicallyQuantizableLinear(in_features=768, out_features=768, bias=True)
            )
            (ln_1): LayerNorm((768,), eps=1e-05, elementwise_affine=True)
            (mlp): Sequential(
              (c_fc): Linear(in_features=768, out_features=3072, bias=True)
              (gelu): QuickGELU()
              (c_proj): Linear(in_features=3072, out_features=768, bias=True)
            )
            (ln_2): LayerNorm((768,), eps=1e-05, elementwise_affine=True)
          )
          (8): ResidualAttentionBlock(
            (attn): MultiheadAttention(
              (out_proj): NonDynamicallyQuantizableLinear(in_features=768, out_features=768, bias=True)
            )
            (ln_1): LayerNorm((768,), eps=1e-05, elementwise_affine=True)
            (mlp): Sequential(
              (c_fc): Linear(in_features=768, out_features=3072, bias=True)
              (gelu): QuickGELU()
              (c_proj): Linear(in_features=3072, out_features=768, bias=True)
            )
            (ln_2): LayerNorm((768,), eps=1e-05, elementwise_affine=True)
          )
          (9): ResidualAttentionBlock(
            (attn): MultiheadAttention(
              (out_proj): NonDynamicallyQuantizableLinear(in_features=768, out_features=768, bias=True)
            )
            (ln_1): LayerNorm((768,), eps=1e-05, elementwise_affine=True)
            (mlp): Sequential(
              (c_fc): Linear(in_features=768, out_features=3072, bias=True)
              (gelu): QuickGELU()
              (c_proj): Linear(in_features=3072, out_features=768, bias=True)
            )
            (ln_2): LayerNorm((768,), eps=1e-05, elementwise_affine=True)
          )
          (10): ResidualAttentionBlock(
            (attn): MultiheadAttention(
              (out_proj): NonDynamicallyQuantizableLinear(in_features=768, out_features=768, bias=True)
            )
            (ln_1): LayerNorm((768,), eps=1e-05, elementwise_affine=True)
            (mlp): Sequential(
              (c_fc): Linear(in_features=768, out_features=3072, bias=True)
              (gelu): QuickGELU()
              (c_proj): Linear(in_features=3072, out_features=768, bias=True)
            )
            (ln_2): LayerNorm((768,), eps=1e-05, elementwise_affine=True)
          )
          (11): ResidualAttentionBlock(
            (attn): MultiheadAttention(
              (out_proj): NonDynamicallyQuantizableLinear(in_features=768, out_features=768, bias=True)
            )
            (ln_1): LayerNorm((768,), eps=1e-05, elementwise_affine=True)
            (mlp): Sequential(
              (c_fc): Linear(in_features=768, out_features=3072, bias=True)
              (gelu): QuickGELU()
              (c_proj): Linear(in_features=3072, out_features=768, bias=True)
            )
            (ln_2): LayerNorm((768,), eps=1e-05, elementwise_affine=True)
          )
        )
      )
      (ln_post): LayerNorm((768,), eps=1e-05, elementwise_affine=True)
    )
  )
  (pool): AdaptiveAvgPool1d(output_size=1)
  (rgb_reduce): Sequential(
    (0): LayerNorm((1024,), eps=1e-05, elementwise_affine=True)
    (1): Linear(in_features=1024, out_features=512, bias=True)
    (2): QuickGELU()
  )
  (nir_reduce): Sequential(
    (0): LayerNorm((1024,), eps=1e-05, elementwise_affine=True)
    (1): Linear(in_features=1024, out_features=512, bias=True)
    (2): QuickGELU()
  )
  (tir_reduce): Sequential(
    (0): LayerNorm((1024,), eps=1e-05, elementwise_affine=True)
    (1): Linear(in_features=1024, out_features=512, bias=True)
    (2): QuickGELU()
  )
  (generalFusion): GeneralFusion(
    (modalityboqablation): ModalitySpecificBoQAblation(
      (single_modal_boq): AdaptiveBoQAblation(
        (norm_input): LayerNorm((512,), eps=1e-05, elementwise_affine=True)
        (pos_encoding): PositionalEncodingAblation()
        (boqs): ModuleList(
          (0): ImprovedBoQBlockAblation(
            (encoder): TransformerEncoderLayer(
              (self_attn): MultiheadAttention(
                (out_proj): NonDynamicallyQuantizableLinear(in_features=512, out_features=512, bias=True)
              )
              (linear1): Linear(in_features=512, out_features=2048, bias=True)
              (dropout): Dropout(p=0.0, inplace=False)
              (linear2): Linear(in_features=2048, out_features=512, bias=True)
              (norm1): LayerNorm((512,), eps=1e-05, elementwise_affine=True)
              (norm2): LayerNorm((512,), eps=1e-05, elementwise_affine=True)
              (dropout1): Dropout(p=0.0, inplace=False)
              (dropout2): Dropout(p=0.0, inplace=False)
            )
            (query_projection): Linear(in_features=512, out_features=512, bias=True)
            (self_attn): MultiheadAttention(
              (out_proj): NonDynamicallyQuantizableLinear(in_features=512, out_features=512, bias=True)
            )
            (norm_q): LayerNorm((512,), eps=1e-05, elementwise_affine=True)
            (cross_attn): MultiheadAttention(
              (out_proj): NonDynamicallyQuantizableLinear(in_features=512, out_features=512, bias=True)
            )
            (norm_out): LayerNorm((512,), eps=1e-05, elementwise_affine=True)
          )
          (1): ImprovedBoQBlockAblation(
            (encoder): TransformerEncoderLayer(
              (self_attn): MultiheadAttention(
                (out_proj): NonDynamicallyQuantizableLinear(in_features=512, out_features=512, bias=True)
              )
              (linear1): Linear(in_features=512, out_features=2048, bias=True)
              (dropout): Dropout(p=0.0, inplace=False)
              (linear2): Linear(in_features=2048, out_features=512, bias=True)
              (norm1): LayerNorm((512,), eps=1e-05, elementwise_affine=True)
              (norm2): LayerNorm((512,), eps=1e-05, elementwise_affine=True)
              (dropout1): Dropout(p=0.0, inplace=False)
              (dropout2): Dropout(p=0.0, inplace=False)
            )
            (query_projection): Linear(in_features=512, out_features=512, bias=True)
            (query_adapter): Linear(in_features=64, out_features=57, bias=True)
            (self_attn): MultiheadAttention(
              (out_proj): NonDynamicallyQuantizableLinear(in_features=512, out_features=512, bias=True)
            )
            (norm_q): LayerNorm((512,), eps=1e-05, elementwise_affine=True)
            (cross_attn): MultiheadAttention(
              (out_proj): NonDynamicallyQuantizableLinear(in_features=512, out_features=512, bias=True)
            )
            (norm_out): LayerNorm((512,), eps=1e-05, elementwise_affine=True)
          )
          (2): ImprovedBoQBlockAblation(
            (encoder): TransformerEncoderLayer(
              (self_attn): MultiheadAttention(
                (out_proj): NonDynamicallyQuantizableLinear(in_features=512, out_features=512, bias=True)
              )
              (linear1): Linear(in_features=512, out_features=2048, bias=True)
              (dropout): Dropout(p=0.0, inplace=False)
              (linear2): Linear(in_features=2048, out_features=512, bias=True)
              (norm1): LayerNorm((512,), eps=1e-05, elementwise_affine=True)
              (norm2): LayerNorm((512,), eps=1e-05, elementwise_affine=True)
              (dropout1): Dropout(p=0.0, inplace=False)
              (dropout2): Dropout(p=0.0, inplace=False)
            )
            (query_projection): Linear(in_features=512, out_features=512, bias=True)
            (query_adapter): Linear(in_features=57, out_features=51, bias=True)
            (self_attn): MultiheadAttention(
              (out_proj): NonDynamicallyQuantizableLinear(in_features=512, out_features=512, bias=True)
            )
            (norm_q): LayerNorm((512,), eps=1e-05, elementwise_affine=True)
            (cross_attn): MultiheadAttention(
              (out_proj): NonDynamicallyQuantizableLinear(in_features=512, out_features=512, bias=True)
            )
            (norm_out): LayerNorm((512,), eps=1e-05, elementwise_affine=True)
          )
          (3): ImprovedBoQBlockAblation(
            (encoder): TransformerEncoderLayer(
              (self_attn): MultiheadAttention(
                (out_proj): NonDynamicallyQuantizableLinear(in_features=512, out_features=512, bias=True)
              )
              (linear1): Linear(in_features=512, out_features=2048, bias=True)
              (dropout): Dropout(p=0.0, inplace=False)
              (linear2): Linear(in_features=2048, out_features=512, bias=True)
              (norm1): LayerNorm((512,), eps=1e-05, elementwise_affine=True)
              (norm2): LayerNorm((512,), eps=1e-05, elementwise_affine=True)
              (dropout1): Dropout(p=0.0, inplace=False)
              (dropout2): Dropout(p=0.0, inplace=False)
            )
            (query_projection): Linear(in_features=512, out_features=512, bias=True)
            (query_adapter): Linear(in_features=51, out_features=44, bias=True)
            (self_attn): MultiheadAttention(
              (out_proj): NonDynamicallyQuantizableLinear(in_features=512, out_features=512, bias=True)
            )
            (norm_q): LayerNorm((512,), eps=1e-05, elementwise_affine=True)
            (cross_attn): MultiheadAttention(
              (out_proj): NonDynamicallyQuantizableLinear(in_features=512, out_features=512, bias=True)
            )
            (norm_out): LayerNorm((512,), eps=1e-05, elementwise_affine=True)
          )
        )
        (adaptive_fusion): AdaptiveFusionAblation(
          (attention_net): Sequential(
            (0): Linear(in_features=512, out_features=128, bias=True)
            (1): ReLU()
            (2): Linear(in_features=128, out_features=1, bias=True)
          )
          (final_proj): Linear(in_features=216, out_features=1, bias=True)
        )
      )
      (dual_modal_boq): AdaptiveBoQAblation(
        (norm_input): LayerNorm((512,), eps=1e-05, elementwise_affine=True)
        (pos_encoding): PositionalEncodingAblation()
        (boqs): ModuleList(
          (0): ImprovedBoQBlockAblation(
            (encoder): TransformerEncoderLayer(
              (self_attn): MultiheadAttention(
                (out_proj): NonDynamicallyQuantizableLinear(in_features=512, out_features=512, bias=True)
              )
              (linear1): Linear(in_features=512, out_features=2048, bias=True)
              (dropout): Dropout(p=0.0, inplace=False)
              (linear2): Linear(in_features=2048, out_features=512, bias=True)
              (norm1): LayerNorm((512,), eps=1e-05, elementwise_affine=True)
              (norm2): LayerNorm((512,), eps=1e-05, elementwise_affine=True)
              (dropout1): Dropout(p=0.0, inplace=False)
              (dropout2): Dropout(p=0.0, inplace=False)
            )
            (query_projection): Linear(in_features=512, out_features=512, bias=True)
            (self_attn): MultiheadAttention(
              (out_proj): NonDynamicallyQuantizableLinear(in_features=512, out_features=512, bias=True)
            )
            (norm_q): LayerNorm((512,), eps=1e-05, elementwise_affine=True)
            (cross_attn): MultiheadAttention(
              (out_proj): NonDynamicallyQuantizableLinear(in_features=512, out_features=512, bias=True)
            )
            (norm_out): LayerNorm((512,), eps=1e-05, elementwise_affine=True)
          )
          (1): ImprovedBoQBlockAblation(
            (encoder): TransformerEncoderLayer(
              (self_attn): MultiheadAttention(
                (out_proj): NonDynamicallyQuantizableLinear(in_features=512, out_features=512, bias=True)
              )
              (linear1): Linear(in_features=512, out_features=2048, bias=True)
              (dropout): Dropout(p=0.0, inplace=False)
              (linear2): Linear(in_features=2048, out_features=512, bias=True)
              (norm1): LayerNorm((512,), eps=1e-05, elementwise_affine=True)
              (norm2): LayerNorm((512,), eps=1e-05, elementwise_affine=True)
              (dropout1): Dropout(p=0.0, inplace=False)
              (dropout2): Dropout(p=0.0, inplace=False)
            )
            (query_projection): Linear(in_features=512, out_features=512, bias=True)
            (query_adapter): Linear(in_features=76, out_features=68, bias=True)
            (self_attn): MultiheadAttention(
              (out_proj): NonDynamicallyQuantizableLinear(in_features=512, out_features=512, bias=True)
            )
            (norm_q): LayerNorm((512,), eps=1e-05, elementwise_affine=True)
            (cross_attn): MultiheadAttention(
              (out_proj): NonDynamicallyQuantizableLinear(in_features=512, out_features=512, bias=True)
            )
            (norm_out): LayerNorm((512,), eps=1e-05, elementwise_affine=True)
          )
          (2): ImprovedBoQBlockAblation(
            (encoder): TransformerEncoderLayer(
              (self_attn): MultiheadAttention(
                (out_proj): NonDynamicallyQuantizableLinear(in_features=512, out_features=512, bias=True)
              )
              (linear1): Linear(in_features=512, out_features=2048, bias=True)
              (dropout): Dropout(p=0.0, inplace=False)
              (linear2): Linear(in_features=2048, out_features=512, bias=True)
              (norm1): LayerNorm((512,), eps=1e-05, elementwise_affine=True)
              (norm2): LayerNorm((512,), eps=1e-05, elementwise_affine=True)
              (dropout1): Dropout(p=0.0, inplace=False)
              (dropout2): Dropout(p=0.0, inplace=False)
            )
            (query_projection): Linear(in_features=512, out_features=512, bias=True)
            (query_adapter): Linear(in_features=68, out_features=60, bias=True)
            (self_attn): MultiheadAttention(
              (out_proj): NonDynamicallyQuantizableLinear(in_features=512, out_features=512, bias=True)
            )
            (norm_q): LayerNorm((512,), eps=1e-05, elementwise_affine=True)
            (cross_attn): MultiheadAttention(
              (out_proj): NonDynamicallyQuantizableLinear(in_features=512, out_features=512, bias=True)
            )
            (norm_out): LayerNorm((512,), eps=1e-05, elementwise_affine=True)
          )
          (3): ImprovedBoQBlockAblation(
            (encoder): TransformerEncoderLayer(
              (self_attn): MultiheadAttention(
                (out_proj): NonDynamicallyQuantizableLinear(in_features=512, out_features=512, bias=True)
              )
              (linear1): Linear(in_features=512, out_features=2048, bias=True)
              (dropout): Dropout(p=0.0, inplace=False)
              (linear2): Linear(in_features=2048, out_features=512, bias=True)
              (norm1): LayerNorm((512,), eps=1e-05, elementwise_affine=True)
              (norm2): LayerNorm((512,), eps=1e-05, elementwise_affine=True)
              (dropout1): Dropout(p=0.0, inplace=False)
              (dropout2): Dropout(p=0.0, inplace=False)
            )
            (query_projection): Linear(in_features=512, out_features=512, bias=True)
            (query_adapter): Linear(in_features=60, out_features=53, bias=True)
            (self_attn): MultiheadAttention(
              (out_proj): NonDynamicallyQuantizableLinear(in_features=512, out_features=512, bias=True)
            )
            (norm_q): LayerNorm((512,), eps=1e-05, elementwise_affine=True)
            (cross_attn): MultiheadAttention(
              (out_proj): NonDynamicallyQuantizableLinear(in_features=512, out_features=512, bias=True)
            )
            (norm_out): LayerNorm((512,), eps=1e-05, elementwise_affine=True)
          )
        )
        (adaptive_fusion): AdaptiveFusionAblation(
          (attention_net): Sequential(
            (0): Linear(in_features=512, out_features=128, bias=True)
            (1): ReLU()
            (2): Linear(in_features=128, out_features=1, bias=True)
          )
          (final_proj): Linear(in_features=257, out_features=1, bias=True)
        )
      )
      (triple_modal_boq): AdaptiveBoQAblation(
        (norm_input): LayerNorm((512,), eps=1e-05, elementwise_affine=True)
        (pos_encoding): PositionalEncodingAblation()
        (boqs): ModuleList(
          (0): ImprovedBoQBlockAblation(
            (encoder): TransformerEncoderLayer(
              (self_attn): MultiheadAttention(
                (out_proj): NonDynamicallyQuantizableLinear(in_features=512, out_features=512, bias=True)
              )
              (linear1): Linear(in_features=512, out_features=2048, bias=True)
              (dropout): Dropout(p=0.0, inplace=False)
              (linear2): Linear(in_features=2048, out_features=512, bias=True)
              (norm1): LayerNorm((512,), eps=1e-05, elementwise_affine=True)
              (norm2): LayerNorm((512,), eps=1e-05, elementwise_affine=True)
              (dropout1): Dropout(p=0.0, inplace=False)
              (dropout2): Dropout(p=0.0, inplace=False)
            )
            (query_projection): Linear(in_features=512, out_features=512, bias=True)
            (self_attn): MultiheadAttention(
              (out_proj): NonDynamicallyQuantizableLinear(in_features=512, out_features=512, bias=True)
            )
            (norm_q): LayerNorm((512,), eps=1e-05, elementwise_affine=True)
            (cross_attn): MultiheadAttention(
              (out_proj): NonDynamicallyQuantizableLinear(in_features=512, out_features=512, bias=True)
            )
            (norm_out): LayerNorm((512,), eps=1e-05, elementwise_affine=True)
          )
          (1): ImprovedBoQBlockAblation(
            (encoder): TransformerEncoderLayer(
              (self_attn): MultiheadAttention(
                (out_proj): NonDynamicallyQuantizableLinear(in_features=512, out_features=512, bias=True)
              )
              (linear1): Linear(in_features=512, out_features=2048, bias=True)
              (dropout): Dropout(p=0.0, inplace=False)
              (linear2): Linear(in_features=2048, out_features=512, bias=True)
              (norm1): LayerNorm((512,), eps=1e-05, elementwise_affine=True)
              (norm2): LayerNorm((512,), eps=1e-05, elementwise_affine=True)
              (dropout1): Dropout(p=0.0, inplace=False)
              (dropout2): Dropout(p=0.0, inplace=False)
            )
            (query_projection): Linear(in_features=512, out_features=512, bias=True)
            (query_adapter): Linear(in_features=96, out_features=86, bias=True)
            (self_attn): MultiheadAttention(
              (out_proj): NonDynamicallyQuantizableLinear(in_features=512, out_features=512, bias=True)
            )
            (norm_q): LayerNorm((512,), eps=1e-05, elementwise_affine=True)
            (cross_attn): MultiheadAttention(
              (out_proj): NonDynamicallyQuantizableLinear(in_features=512, out_features=512, bias=True)
            )
            (norm_out): LayerNorm((512,), eps=1e-05, elementwise_affine=True)
          )
          (2): ImprovedBoQBlockAblation(
            (encoder): TransformerEncoderLayer(
              (self_attn): MultiheadAttention(
                (out_proj): NonDynamicallyQuantizableLinear(in_features=512, out_features=512, bias=True)
              )
              (linear1): Linear(in_features=512, out_features=2048, bias=True)
              (dropout): Dropout(p=0.0, inplace=False)
              (linear2): Linear(in_features=2048, out_features=512, bias=True)
              (norm1): LayerNorm((512,), eps=1e-05, elementwise_affine=True)
              (norm2): LayerNorm((512,), eps=1e-05, elementwise_affine=True)
              (dropout1): Dropout(p=0.0, inplace=False)
              (dropout2): Dropout(p=0.0, inplace=False)
            )
            (query_projection): Linear(in_features=512, out_features=512, bias=True)
            (query_adapter): Linear(in_features=86, out_features=76, bias=True)
            (self_attn): MultiheadAttention(
              (out_proj): NonDynamicallyQuantizableLinear(in_features=512, out_features=512, bias=True)
            )
            (norm_q): LayerNorm((512,), eps=1e-05, elementwise_affine=True)
            (cross_attn): MultiheadAttention(
              (out_proj): NonDynamicallyQuantizableLinear(in_features=512, out_features=512, bias=True)
            )
            (norm_out): LayerNorm((512,), eps=1e-05, elementwise_affine=True)
          )
          (3): ImprovedBoQBlockAblation(
            (encoder): TransformerEncoderLayer(
              (self_attn): MultiheadAttention(
                (out_proj): NonDynamicallyQuantizableLinear(in_features=512, out_features=512, bias=True)
              )
              (linear1): Linear(in_features=512, out_features=2048, bias=True)
              (dropout): Dropout(p=0.0, inplace=False)
              (linear2): Linear(in_features=2048, out_features=512, bias=True)
              (norm1): LayerNorm((512,), eps=1e-05, elementwise_affine=True)
              (norm2): LayerNorm((512,), eps=1e-05, elementwise_affine=True)
              (dropout1): Dropout(p=0.0, inplace=False)
              (dropout2): Dropout(p=0.0, inplace=False)
            )
            (query_projection): Linear(in_features=512, out_features=512, bias=True)
            (query_adapter): Linear(in_features=76, out_features=67, bias=True)
            (self_attn): MultiheadAttention(
              (out_proj): NonDynamicallyQuantizableLinear(in_features=512, out_features=512, bias=True)
            )
            (norm_q): LayerNorm((512,), eps=1e-05, elementwise_affine=True)
            (cross_attn): MultiheadAttention(
              (out_proj): NonDynamicallyQuantizableLinear(in_features=512, out_features=512, bias=True)
            )
            (norm_out): LayerNorm((512,), eps=1e-05, elementwise_affine=True)
          )
        )
        (adaptive_fusion): AdaptiveFusionAblation(
          (attention_net): Sequential(
            (0): Linear(in_features=512, out_features=128, bias=True)
            (1): ReLU()
            (2): Linear(in_features=128, out_features=1, bias=True)
          )
          (final_proj): Linear(in_features=325, out_features=1, bias=True)
        )
      )
    )
    (deformselectablation): DAttentionEnhancedAblation(
      (modal_gate): Sequential(
        (0): Conv2d(1536, 128, kernel_size=(1, 1), stride=(1, 1))
        (1): ReLU(inplace=True)
        (2): Conv2d(128, 3, kernel_size=(1, 1), stride=(1, 1))
        (3): Sigmoid()
      )
      (conv_offset): Sequential(
        (0): Conv2d(1536, 512, kernel_size=(1, 1), stride=(1, 1))
        (1): GELU(approximate='none')
        (2): Conv2d(512, 512, kernel_size=(4, 4), stride=(2, 2), groups=512)
        (3): GELU(approximate='none')
        (4): Conv2d(512, 2, kernel_size=(1, 1), stride=(1, 1), bias=False)
      )
      (conv_offset_coarse): Sequential(
        (0): Conv2d(1536, 512, kernel_size=(1, 1), stride=(1, 1))
        (1): GELU(approximate='none')
        (2): Conv2d(512, 512, kernel_size=(6, 6), stride=(2, 2), padding=(1, 1), groups=512)
        (3): GELU(approximate='none')
        (4): Conv2d(512, 2, kernel_size=(1, 1), stride=(1, 1), bias=False)
      )
      (conv_offset_fine): Sequential(
        (0): Conv2d(1536, 512, kernel_size=(1, 1), stride=(1, 1))
        (1): GELU(approximate='none')
        (2): Conv2d(512, 512, kernel_size=(2, 2), stride=(2, 2), groups=512)
        (3): GELU(approximate='none')
        (4): Conv2d(512, 2, kernel_size=(1, 1), stride=(1, 1), bias=False)
      )
      (proj_q): Conv2d(512, 512, kernel_size=(1, 1), stride=(1, 1))
      (proj_k): Conv2d(512, 512, kernel_size=(1, 1), stride=(1, 1))
      (proj_v): Conv2d(512, 512, kernel_size=(1, 1), stride=(1, 1))
      (proj_out): Conv2d(512, 512, kernel_size=(1, 1), stride=(1, 1))
      (proj_drop): Dropout(p=0.0, inplace=False)
      (attn_drop): Dropout(p=0.0, inplace=False)
    )
  )
  (classifier_moe): Linear(in_features=3584, out_features=171, bias=False)
  (bottleneck_moe): BatchNorm1d(3584, eps=1e-05, momentum=0.1, affine=True, track_running_stats=True)
  (classifier): Linear(in_features=1536, out_features=171, bias=False)
  (bottleneck): BatchNorm1d(1536, eps=1e-05, momentum=0.1, affine=True, track_running_stats=True)
)
2025-06-02 21:50:43,949 DeMo INFO: number of parameters:159.118087
using soft triplet loss for training
label smooth on, numclasses: 171
2025-06-02 21:50:44,018 DeMo.train INFO: start training
diversityweight: 0 mxa
/home/ma1/anaconda3/envs/DeMo/lib/python3.8/site-packages/timm/models/helpers.py:7: FutureWarning: Importing from timm.models.helpers is deprecated, please import via timm.models
  warnings.warn(f"Importing from {__name__} is deprecated, please import via timm.models", FutureWarning)
/home/ma1/anaconda3/envs/DeMo/lib/python3.8/site-packages/timm/models/registry.py:4: FutureWarning: Importing from timm.models.registry is deprecated, please import via timm.models
  warnings.warn(f"Importing from {__name__} is deprecated, please import via timm.models", FutureWarning)
/home/ma1/anaconda3/envs/DeMo/lib/python3.8/site-packages/timm/models/layers/__init__.py:48: FutureWarning: Importing from timm.models.layers is deprecated, please import via timm.layers
  warnings.warn(f"Importing from {__name__} is deprecated, please import via timm.layers", FutureWarning)
/home/ma1/work/demorelated/DeMo/modeling/clip/clip.py:23: UserWarning: PyTorch version 1.7.1 or higher is recommended
  warnings.warn("PyTorch version 1.7.1 or higher is recommended")
/home/ma1/anaconda3/envs/DeMo/lib/python3.8/site-packages/torchvision/transforms/transforms.py:329: UserWarning: Argument 'interpolation' of type int is deprecated since 0.13 and will be removed in 0.15. Please use InterpolationMode enum.
  warnings.warn(
2025-06-02 21:50:57,725 DeMo.train INFO: Epoch[1] Iteration[10/54] Loss: 4.671, Acc: 0.014, Base Lr: 6.65e-05
2025-06-02 21:51:02,225 DeMo.train INFO: Epoch[1] Iteration[20/54] Loss: 4.366, Acc: 0.024, Base Lr: 6.65e-05
2025-06-02 21:51:06,744 DeMo.train INFO: Epoch[1] Iteration[30/54] Loss: 4.243, Acc: 0.047, Base Lr: 6.65e-05
2025-06-02 21:51:11,245 DeMo.train INFO: Epoch[1] Iteration[40/54] Loss: 4.171, Acc: 0.067, Base Lr: 6.65e-05
2025-06-02 21:51:15,946 DeMo.train INFO: Epoch[1] Iteration[50/54] Loss: 4.119, Acc: 0.079, Base Lr: 6.65e-05
2025-06-02 21:51:17,426 DeMo.train INFO: Epoch 1 done. Time per batch: 0.618[s] Speed: 103.6[samples/s]
2025-06-02 21:51:17,428 DeMo.train INFO: ~~~~~~~~~~~~~~~~~~~~~~~~~~~~~~~~~~~~~~~~~~~~~~~~~~
2025-06-02 21:51:17,428 DeMo.train INFO: Current is the ori feature testing!
2025-06-02 21:51:17,428 DeMo.train INFO: ~~~~~~~~~~~~~~~~~~~~~~~~~~~~~~~~~~~~~~~~~~~~~~~~~~
The test feature is normalized
=> Computing DistMat with euclidean_distance (before reranking)
=> Results before reranking:
mAP: 0.1916
CMC curve: Rank-1: 0.1507, Rank-5: 0.2823, Rank-10: 0.3553
=> Enter reranking
=> Results after reranking:
mAP: 0.2504
CMC curve: Rank-1: 0.1854, Rank-5: 0.2153, Rank-10: 0.2763
=> Improvement:
mAP improvement: 0.0588 (+30.67%)
Rank-1 improvement: 0.0347 (+23.02%)
2025-06-02 21:51:36,107 DeMo.train INFO: Validation Results - Epoch: 1
2025-06-02 21:51:36,107 DeMo.train INFO: mAP: 25.0%
2025-06-02 21:51:36,107 DeMo.train INFO: CMC curve, Rank-1  :18.5%
2025-06-02 21:51:36,108 DeMo.train INFO: CMC curve, Rank-5  :21.5%
2025-06-02 21:51:36,108 DeMo.train INFO: CMC curve, Rank-10 :27.6%
2025-06-02 21:51:36,108 DeMo.train INFO: ~~~~~~~~~~~~~~~~~~~~~~~~~~~~~~~~~~~~~~~~~~~~~~~~~~
2025-06-02 21:51:36,734 DeMo.train INFO: ~~~~~~~~~~~~~~~~~~~~~~~~~~~~~~~~~~~~~~~~~~~~~~~~~~
2025-06-02 21:51:36,735 DeMo.train INFO: Current is the moe feature testing!
2025-06-02 21:51:36,735 DeMo.train INFO: ~~~~~~~~~~~~~~~~~~~~~~~~~~~~~~~~~~~~~~~~~~~~~~~~~~
/home/ma1/work/demorelated/DeMo/utils/reranking.py:40: UserWarning: This overload of addmm_ is deprecated:
	addmm_(Number beta, Number alpha, Tensor mat1, Tensor mat2)
Consider using one of the following signatures instead:
	addmm_(Tensor mat1, Tensor mat2, *, Number beta, Number alpha) (Triggered internally at ../torch/csrc/utils/python_arg_parser.cpp:1420.)
  distmat.addmm_(1, -2, feat, feat.t())
The test feature is normalized
=> Computing DistMat with euclidean_distance (before reranking)
=> Results before reranking:
mAP: 0.1902
CMC curve: Rank-1: 0.1663, Rank-5: 0.2799, Rank-10: 0.3744
=> Enter reranking
=> Results after reranking:
mAP: 0.2429
CMC curve: Rank-1: 0.1842, Rank-5: 0.2069, Rank-10: 0.2464
=> Improvement:
mAP improvement: 0.0527 (+27.72%)
Rank-1 improvement: 0.0179 (+10.79%)
2025-06-02 21:51:53,779 DeMo.train INFO: Validation Results - Epoch: 1
2025-06-02 21:51:53,779 DeMo.train INFO: mAP: 24.3%
2025-06-02 21:51:53,779 DeMo.train INFO: CMC curve, Rank-1  :18.4%
2025-06-02 21:51:53,780 DeMo.train INFO: CMC curve, Rank-5  :20.7%
2025-06-02 21:51:53,780 DeMo.train INFO: CMC curve, Rank-10 :24.6%
2025-06-02 21:51:53,780 DeMo.train INFO: ~~~~~~~~~~~~~~~~~~~~~~~~~~~~~~~~~~~~~~~~~~~~~~~~~~
2025-06-02 21:51:54,469 DeMo.train INFO: ~~~~~~~~~~~~~~~~~~~~~~~~~~~~~~~~~~~~~~~~~~~~~~~~~~
2025-06-02 21:51:54,469 DeMo.train INFO: Current is the [moe,ori] feature testing!
2025-06-02 21:51:54,469 DeMo.train INFO: ~~~~~~~~~~~~~~~~~~~~~~~~~~~~~~~~~~~~~~~~~~~~~~~~~~
The test feature is normalized
=> Computing DistMat with euclidean_distance (before reranking)
=> Results before reranking:
mAP: 0.1941
CMC curve: Rank-1: 0.1579, Rank-5: 0.2835, Rank-10: 0.3612
=> Enter reranking
=> Results after reranking:
mAP: 0.2560
CMC curve: Rank-1: 0.1866, Rank-5: 0.2285, Rank-10: 0.2811
=> Improvement:
mAP improvement: 0.0619 (+31.88%)
Rank-1 improvement: 0.0287 (+18.18%)
2025-06-02 21:52:11,127 DeMo.train INFO: Validation Results - Epoch: 1
2025-06-02 21:52:11,127 DeMo.train INFO: mAP: 25.6%
2025-06-02 21:52:11,127 DeMo.train INFO: CMC curve, Rank-1  :18.7%
2025-06-02 21:52:11,127 DeMo.train INFO: CMC curve, Rank-5  :22.8%
2025-06-02 21:52:11,128 DeMo.train INFO: CMC curve, Rank-10 :28.1%
2025-06-02 21:52:11,128 DeMo.train INFO: ~~~~~~~~~~~~~~~~~~~~~~~~~~~~~~~~~~~~~~~~~~~~~~~~~~
2025-06-02 21:52:17,396 DeMo.train INFO: ~~~~~~~~~~~~~~~~~~~~~~~~~~~~~~~~~~~~~~~~~~~~~~~~~~
2025-06-02 21:52:17,396 DeMo.train INFO: Best mAP: 25.6%
2025-06-02 21:52:17,396 DeMo.train INFO: Best Rank-1: 18.7%
2025-06-02 21:52:17,396 DeMo.train INFO: Best Rank-5: 22.8%
2025-06-02 21:52:17,396 DeMo.train INFO: Best Rank-10: 28.1%
2025-06-02 21:52:17,396 DeMo.train INFO: ~~~~~~~~~~~~~~~~~~~~~~~~~~~~~~~~~~~~~~~~~~~~~~~~~~
2025-06-02 21:52:24,073 DeMo.train INFO: Epoch[2] Iteration[10/54] Loss: 3.645, Acc: 0.270, Base Lr: 9.80e-05
2025-06-02 21:52:28,966 DeMo.train INFO: Epoch[2] Iteration[20/54] Loss: 3.550, Acc: 0.246, Base Lr: 9.80e-05
2025-06-02 21:52:33,340 DeMo.train INFO: Epoch[2] Iteration[30/54] Loss: 3.487, Acc: 0.211, Base Lr: 9.80e-05
2025-06-02 21:52:37,756 DeMo.train INFO: Epoch[2] Iteration[40/54] Loss: 3.457, Acc: 0.191, Base Lr: 9.80e-05
2025-06-02 21:52:42,220 DeMo.train INFO: Epoch[2] Iteration[50/54] Loss: 3.413, Acc: 0.191, Base Lr: 9.80e-05
2025-06-02 21:52:43,644 DeMo.train INFO: Epoch 2 done. Time per batch: 0.495[s] Speed: 129.2[samples/s]
2025-06-02 21:52:43,647 DeMo.train INFO: ~~~~~~~~~~~~~~~~~~~~~~~~~~~~~~~~~~~~~~~~~~~~~~~~~~
2025-06-02 21:52:43,647 DeMo.train INFO: Current is the ori feature testing!
2025-06-02 21:52:43,647 DeMo.train INFO: ~~~~~~~~~~~~~~~~~~~~~~~~~~~~~~~~~~~~~~~~~~~~~~~~~~
The test feature is normalized
=> Computing DistMat with euclidean_distance (before reranking)
=> Results before reranking:
mAP: 0.5825
CMC curve: Rank-1: 0.6172, Rank-5: 0.7931, Rank-10: 0.8720
=> Enter reranking
=> Results after reranking:
mAP: 0.7713
CMC curve: Rank-1: 0.7608, Rank-5: 0.8086, Rank-10: 0.8876
=> Improvement:
mAP improvement: 0.1888 (+32.42%)
Rank-1 improvement: 0.1435 (+23.26%)
2025-06-02 21:53:00,296 DeMo.train INFO: Validation Results - Epoch: 2
2025-06-02 21:53:00,296 DeMo.train INFO: mAP: 77.1%
2025-06-02 21:53:00,297 DeMo.train INFO: CMC curve, Rank-1  :76.1%
2025-06-02 21:53:00,297 DeMo.train INFO: CMC curve, Rank-5  :80.9%
2025-06-02 21:53:00,297 DeMo.train INFO: CMC curve, Rank-10 :88.8%
2025-06-02 21:53:00,297 DeMo.train INFO: ~~~~~~~~~~~~~~~~~~~~~~~~~~~~~~~~~~~~~~~~~~~~~~~~~~
2025-06-02 21:53:00,616 DeMo.train INFO: ~~~~~~~~~~~~~~~~~~~~~~~~~~~~~~~~~~~~~~~~~~~~~~~~~~
2025-06-02 21:53:00,616 DeMo.train INFO: Current is the moe feature testing!
2025-06-02 21:53:00,616 DeMo.train INFO: ~~~~~~~~~~~~~~~~~~~~~~~~~~~~~~~~~~~~~~~~~~~~~~~~~~
The test feature is normalized
=> Computing DistMat with euclidean_distance (before reranking)
=> Results before reranking:
mAP: 0.5673
CMC curve: Rank-1: 0.5933, Rank-5: 0.7608, Rank-10: 0.8397
=> Enter reranking
=> Results after reranking:
mAP: 0.7488
CMC curve: Rank-1: 0.7524, Rank-5: 0.8086, Rank-10: 0.8409
=> Improvement:
mAP improvement: 0.1815 (+32.00%)
Rank-1 improvement: 0.1591 (+26.81%)
2025-06-02 21:53:17,388 DeMo.train INFO: Validation Results - Epoch: 2
2025-06-02 21:53:17,388 DeMo.train INFO: mAP: 74.9%
2025-06-02 21:53:17,389 DeMo.train INFO: CMC curve, Rank-1  :75.2%
2025-06-02 21:53:17,389 DeMo.train INFO: CMC curve, Rank-5  :80.9%
2025-06-02 21:53:17,389 DeMo.train INFO: CMC curve, Rank-10 :84.1%
2025-06-02 21:53:17,389 DeMo.train INFO: ~~~~~~~~~~~~~~~~~~~~~~~~~~~~~~~~~~~~~~~~~~~~~~~~~~
2025-06-02 21:53:17,415 DeMo.train INFO: ~~~~~~~~~~~~~~~~~~~~~~~~~~~~~~~~~~~~~~~~~~~~~~~~~~
2025-06-02 21:53:17,415 DeMo.train INFO: Current is the [moe,ori] feature testing!
2025-06-02 21:53:17,415 DeMo.train INFO: ~~~~~~~~~~~~~~~~~~~~~~~~~~~~~~~~~~~~~~~~~~~~~~~~~~
The test feature is normalized
=> Computing DistMat with euclidean_distance (before reranking)
=> Results before reranking:
mAP: 0.5832
CMC curve: Rank-1: 0.6220, Rank-5: 0.7955, Rank-10: 0.8756
=> Enter reranking
=> Results after reranking:
mAP: 0.7728
CMC curve: Rank-1: 0.7608, Rank-5: 0.8146, Rank-10: 0.8876
=> Improvement:
mAP improvement: 0.1895 (+32.50%)
Rank-1 improvement: 0.1388 (+22.31%)
2025-06-02 21:53:35,173 DeMo.train INFO: Validation Results - Epoch: 2
2025-06-02 21:53:35,173 DeMo.train INFO: mAP: 77.3%
2025-06-02 21:53:35,173 DeMo.train INFO: CMC curve, Rank-1  :76.1%
2025-06-02 21:53:35,173 DeMo.train INFO: CMC curve, Rank-5  :81.5%
2025-06-02 21:53:35,173 DeMo.train INFO: CMC curve, Rank-10 :88.8%
2025-06-02 21:53:35,173 DeMo.train INFO: ~~~~~~~~~~~~~~~~~~~~~~~~~~~~~~~~~~~~~~~~~~~~~~~~~~
2025-06-02 21:53:41,297 DeMo.train INFO: ~~~~~~~~~~~~~~~~~~~~~~~~~~~~~~~~~~~~~~~~~~~~~~~~~~
2025-06-02 21:53:41,298 DeMo.train INFO: Best mAP: 77.3%
2025-06-02 21:53:41,298 DeMo.train INFO: Best Rank-1: 76.1%
2025-06-02 21:53:41,298 DeMo.train INFO: Best Rank-5: 81.5%
2025-06-02 21:53:41,298 DeMo.train INFO: Best Rank-10: 88.8%
2025-06-02 21:53:41,298 DeMo.train INFO: ~~~~~~~~~~~~~~~~~~~~~~~~~~~~~~~~~~~~~~~~~~~~~~~~~~
2025-06-02 21:53:48,152 DeMo.train INFO: Epoch[3] Iteration[10/54] Loss: 2.820, Acc: 0.408, Base Lr: 1.30e-04
2025-06-02 21:53:52,583 DeMo.train INFO: Epoch[3] Iteration[20/54] Loss: 2.779, Acc: 0.390, Base Lr: 1.30e-04
2025-06-02 21:53:56,967 DeMo.train INFO: Epoch[3] Iteration[30/54] Loss: 2.727, Acc: 0.362, Base Lr: 1.30e-04
2025-06-02 21:54:01,328 DeMo.train INFO: Epoch[3] Iteration[40/54] Loss: 2.665, Acc: 0.368, Base Lr: 1.30e-04
